[INFO][0][<module>] Linux node-r6-he39.bgc-jena.mpg.de 4.18.0-348.7.1.el8_5.x86_64 #1 SMP Wed Dec 22 13:25:12 UTC 2021 x86_64 x86_64
[INFO][0][<module>] /Net/Groups/BGI/people/ecathain/envs/ilamb/lib/python3.13/site-packages/ILAMB (2.7.2)
[INFO][0][<module>] /Net/Groups/BGI/people/ecathain/envs/ilamb/lib/python3.13/site-packages/numpy (2.3.3)
[INFO][0][<module>] /Net/Groups/BGI/people/ecathain/envs/ilamb/lib/python3.13/site-packages/matplotlib (3.10.6)
[INFO][0][<module>] /Net/Groups/BGI/people/ecathain/envs/ilamb/lib/python3.13/site-packages/netCDF4 (1.7.2)
[INFO][0][<module>] /Net/Groups/BGI/people/ecathain/envs/ilamb/lib/python3.13/site-packages/cf_units (3.3.0)
[INFO][0][<module>] /Net/Groups/BGI/people/ecathain/envs/ilamb/lib/python3.13/site-packages/sympy (1.14.0)
[INFO][0][<module>] /Net/Groups/BGI/people/ecathain/envs/ilamb/lib/python3.13/site-packages/mpi4py (4.1.0)
[INFO][0][<module>] 2025-10-06 12:16:10.279885
[INFO][0][AnalysisMeanStateSpace][gpp] Bias scored using Collier2018
[INFO][0][AnalysisMeanStateSpace][gpp] RMSE scored using Collier2018
[INFO][0][confront][GrossPrimaryProduction/ENSMEAN][CLASSIC] Success
[INFO][0][AnalysisMeanStateSpace][gpp] Bias scored using Collier2018
[INFO][0][AnalysisMeanStateSpace][gpp] RMSE scored using Collier2018
[INFO][0][confront][GrossPrimaryProduction/ENSMEAN][JSBACH] Success
[INFO][0][AnalysisMeanStateSpace][gpp] Bias scored using Collier2018
[INFO][0][AnalysisMeanStateSpace][gpp] RMSE scored using Collier2018
[INFO][0][confront][GrossPrimaryProduction/ENSMEAN][ORCHIDEE] Success
[INFO][0][AnalysisMeanStateSpace][nbp] Bias scored using Collier2018
[INFO][0][AnalysisMeanStateSpace][nbp] RMSE scored using Collier2018
[INFO][0][confront][NetBiomeProductivity/ENSMEAN][CLASSIC] Success
[INFO][0][modelPlots][GrossPrimaryProduction/ENSMEAN][CLASSIC] Success
[INFO][0][modelPlots][GrossPrimaryProduction/ENSMEAN][CLM] Success
[INFO][0][modelPlots][GrossPrimaryProduction/ENSMEAN][JSBACH] Success
[INFO][0][modelPlots][GrossPrimaryProduction/ENSMEAN][ORCHIDEE] Success
[INFO][0][modelPlots][NetBiomeProductivity/ENSMEAN][CLASSIC] Success
[INFO][0][modelPlots][NetBiomeProductivity/ENSMEAN][CLM] Success
[INFO][0][modelPlots][NetBiomeProductivity/ENSMEAN][JSBACH] Success
[INFO][0][modelPlots][NetBiomeProductivity/ENSMEAN][ORCHIDEE] Success
[INFO][0][<module>][total time] 573.9 s
